   1              		.file	"gpsmath.c"
   3              		.text
   4              	.Ltext0:
  34              		.global	gpsDataOkTrigger
  35              		.bss
  36              		.align	2
  39              	gpsDataOkTrigger:
  40 0000 00000000 		.space	4
  41              		.global	__divdf3
  42              		.global	__muldf3
  43              		.global	__adddf3
  44              		.text
  45              		.align	2
  53              		.global	xy2latlon
  55              	xy2latlon:
   1:gpsmath.c     **** /*
   2:gpsmath.c     **** 
   3:gpsmath.c     **** Copyright (c) 2011, Ascending Technologies GmbH
   4:gpsmath.c     **** All rights reserved.
   5:gpsmath.c     **** 
   6:gpsmath.c     **** Redistribution and use in source and binary forms, with or without
   7:gpsmath.c     **** modification, are permitted provided that the following conditions are met:
   8:gpsmath.c     **** 
   9:gpsmath.c     ****  * Redistributions of source code must retain the above copyright notice,
  10:gpsmath.c     ****    this list of conditions and the following disclaimer.
  11:gpsmath.c     ****  * Redistributions in binary form must reproduce the above copyright
  12:gpsmath.c     ****    notice, this list of conditions and the following disclaimer in the
  13:gpsmath.c     ****    documentation and/or other materials provided with the distribution.
  14:gpsmath.c     **** 
  15:gpsmath.c     **** THIS SOFTWARE IS PROVIDED BY THE AUTHOR AND CONTRIBUTORS ``AS IS'' AND ANY
  16:gpsmath.c     **** EXPRESS OR IMPLIED WARRANTIES, INCLUDING, BUT NOT LIMITED TO, THE IMPLIED
  17:gpsmath.c     **** WARRANTIES OF MERCHANTABILITY AND FITNESS FOR A PARTICULAR PURPOSE ARE
  18:gpsmath.c     **** DISCLAIMED. IN NO EVENT SHALL THE AUTHOR OR CONTRIBUTORS BE LIABLE FOR ANY
  19:gpsmath.c     **** DIRECT, INDIRECT, INCIDENTAL, SPECIAL, EXEMPLARY, OR CONSEQUENTIAL DAMAGES
  20:gpsmath.c     **** (INCLUDING, BUT NOT LIMITED TO, PROCUREMENT OF SUBSTITUTE GOODS OR
  21:gpsmath.c     **** SERVICES; LOSS OF USE, DATA, OR PROFITS; OR BUSINESS INTERRUPTION) HOWEVER
  22:gpsmath.c     **** CAUSED AND ON ANY THEORY OF LIABILITY, WHETHER IN CONTRACT, STRICT
  23:gpsmath.c     **** LIABILITY, OR TORT (INCLUDING NEGLIGENCE OR OTHERWISE) ARISING IN ANY WAY
  24:gpsmath.c     **** OUT OF THE USE OF THIS SOFTWARE, EVEN IF ADVISED OF THE POSSIBILITY OF SUCH
  25:gpsmath.c     **** DAMAGE.
  26:gpsmath.c     **** 
  27:gpsmath.c     ****  */
  28:gpsmath.c     **** 
  29:gpsmath.c     **** #include "gpsmath.h"
  30:gpsmath.c     **** #include "sdk.h"
  31:gpsmath.c     **** 
  32:gpsmath.c     **** struct GPS_DATA GPS_Data;
  33:gpsmath.c     **** struct GPS_DATA gps_data_temp;
  34:gpsmath.c     **** 
  35:gpsmath.c     **** unsigned int gpsDataOkTrigger=0;
  36:gpsmath.c     **** 
  37:gpsmath.c     **** void xy2latlon(double lat0, double lon0, double X, double Y, double *lat, double *lon)	//X: East, Y
  38:gpsmath.c     **** {
  57              	.LM0:
  58              		@ Function supports interworking.
  59              		@ args = 24, pretend = 0, frame = 16
  60              		@ frame_needed = 1, uses_anonymous_args = 0
  61 0000 0DC0A0E1 		mov	ip, sp
  62 0004 70D82DE9 		stmfd	sp!, {r4, r5, r6, fp, ip, lr, pc}
  63 0008 04B04CE2 		sub	fp, ip, #4
  64 000c 10D04DE2 		sub	sp, sp, #16
  65 0010 20000BE5 		str	r0, [fp, #-32]
  66 0014 1C100BE5 		str	r1, [fp, #-28]
  67 0018 28200BE5 		str	r2, [fp, #-40]
  68 001c 24300BE5 		str	r3, [fp, #-36]
  39:gpsmath.c     ****         *lat=lat0+Y/MEAN_EARTH_DIAMETER*360./PI;
  70              	.LM1:
  71 0020 0C008BE2 		add	r0, fp, #12
  72 0024 030090E8 		ldmia	r0, {r0-r1}
  73 0028 532F8FE2 		adr	r2, .L3
  74 002c 0C0092E8 		ldmia	r2, {r2-r3}
  75 0030 FEFFFFEB 		bl	__divdf3
  76 0034 0030A0E1 		mov	r3, r0
  77 0038 0140A0E1 		mov	r4, r1
  78 003c 0300A0E1 		mov	r0, r3
  79 0040 0410A0E1 		mov	r1, r4
  80 0044 0121A0E3 		mov	r2, #1073741824
  81 0048 762882E2 		add	r2, r2, #7733248
  82 004c 022982E2 		add	r2, r2, #32768
  83 0050 0030A0E3 		mov	r3, #0
  84 0054 FEFFFFEB 		bl	__muldf3
  85 0058 0030A0E1 		mov	r3, r0
  86 005c 0140A0E1 		mov	r4, r1
  87 0060 0300A0E1 		mov	r0, r3
  88 0064 0410A0E1 		mov	r1, r4
  89 0068 452F8FE2 		adr	r2, .L3+8
  90 006c 0C0092E8 		ldmia	r2, {r2-r3}
  91 0070 FEFFFFEB 		bl	__divdf3
  92 0074 0030A0E1 		mov	r3, r0
  93 0078 0140A0E1 		mov	r4, r1
  94 007c 0300A0E1 		mov	r0, r3
  95 0080 0410A0E1 		mov	r1, r4
  96 0084 20204BE2 		sub	r2, fp, #32
  97 0088 0C0092E8 		ldmia	r2, {r2-r3}
  98 008c FEFFFFEB 		bl	__adddf3
  99 0090 0030A0E1 		mov	r3, r0
 100 0094 0140A0E1 		mov	r4, r1
 101 0098 14209BE5 		ldr	r2, [fp, #20]
 102 009c 180082E8 		stmia	r2, {r3-r4}
  40:gpsmath.c     ****         *lon=lon0+X/MEAN_EARTH_DIAMETER*360./PI/cos(lat0*UMR);
 104              	.LM2:
 105 00a0 03009BE9 		ldmib	fp, {r0-r1}
 106 00a4 D0208FE2 		adr	r2, .L3
 107 00a8 0C0092E8 		ldmia	r2, {r2-r3}
 108 00ac FEFFFFEB 		bl	__divdf3
 109 00b0 0030A0E1 		mov	r3, r0
 110 00b4 0140A0E1 		mov	r4, r1
 111 00b8 0300A0E1 		mov	r0, r3
 112 00bc 0410A0E1 		mov	r1, r4
 113 00c0 0121A0E3 		mov	r2, #1073741824
 114 00c4 762882E2 		add	r2, r2, #7733248
 115 00c8 022982E2 		add	r2, r2, #32768
 116 00cc 0030A0E3 		mov	r3, #0
 117 00d0 FEFFFFEB 		bl	__muldf3
 118 00d4 0030A0E1 		mov	r3, r0
 119 00d8 0140A0E1 		mov	r4, r1
 120 00dc 0300A0E1 		mov	r0, r3
 121 00e0 0410A0E1 		mov	r1, r4
 122 00e4 98208FE2 		adr	r2, .L3+8
 123 00e8 0C0092E8 		ldmia	r2, {r2-r3}
 124 00ec FEFFFFEB 		bl	__divdf3
 125 00f0 0030A0E1 		mov	r3, r0
 126 00f4 0140A0E1 		mov	r4, r1
 127 00f8 0350A0E1 		mov	r5, r3
 128 00fc 0460A0E1 		mov	r6, r4
 129 0100 20004BE2 		sub	r0, fp, #32
 130 0104 030090E8 		ldmia	r0, {r0-r1}
 131 0108 7C208FE2 		adr	r2, .L3+16
 132 010c 0C0092E8 		ldmia	r2, {r2-r3}
 133 0110 FEFFFFEB 		bl	__muldf3
 134 0114 0030A0E1 		mov	r3, r0
 135 0118 0140A0E1 		mov	r4, r1
 136 011c 0300A0E1 		mov	r0, r3
 137 0120 0410A0E1 		mov	r1, r4
 138 0124 FEFFFFEB 		bl	cos
 139 0128 0030A0E1 		mov	r3, r0
 140 012c 0140A0E1 		mov	r4, r1
 141 0130 0500A0E1 		mov	r0, r5
 142 0134 0610A0E1 		mov	r1, r6
 143 0138 0320A0E1 		mov	r2, r3
 144 013c 0430A0E1 		mov	r3, r4
 145 0140 FEFFFFEB 		bl	__divdf3
 146 0144 0030A0E1 		mov	r3, r0
 147 0148 0140A0E1 		mov	r4, r1
 148 014c 0300A0E1 		mov	r0, r3
 149 0150 0410A0E1 		mov	r1, r4
 150 0154 28204BE2 		sub	r2, fp, #40
 151 0158 0C0092E8 		ldmia	r2, {r2-r3}
 152 015c FEFFFFEB 		bl	__adddf3
 153 0160 0030A0E1 		mov	r3, r0
 154 0164 0140A0E1 		mov	r4, r1
 155 0168 18209BE5 		ldr	r2, [fp, #24]
 156 016c 180082E8 		stmia	r2, {r3-r4}
  41:gpsmath.c     **** }
 158              	.LM3:
 159 0170 18D04BE2 		sub	sp, fp, #24
 160 0174 70689DE8 		ldmfd	sp, {r4, r5, r6, fp, sp, lr}
 161 0178 1EFF2FE1 		bx	lr
 162              	.L4:
 163              		.align	2
 164              	.L3:
 165 017c A6546841 		.word	1097356454
 166 0180 00000040 		.word	1073741824
 167 0184 FB210940 		.word	1074340347
 168 0188 182D4454 		.word	1413754136
 169 018c 46DF913F 		.word	1066524486
 170 0190 399D52A2 		.word	-1571644103
 172              	.Lscope0:
 173              		.comm	GPS_Data,44,4
 174              		.comm	gps_data_temp,44,4
 179              	.Letext0:
 180              		.ident	"GCC: (GNU) 4.1.1"
DEFINED SYMBOLS
                            *ABS*:00000000 gpsmath.c
     /tmp/ccns0FlS.s:39     .bss:00000000 gpsDataOkTrigger
     /tmp/ccns0FlS.s:36     .bss:00000000 $d
     /tmp/ccns0FlS.s:45     .text:00000000 $a
     /tmp/ccns0FlS.s:55     .text:00000000 xy2latlon
     /tmp/ccns0FlS.s:165    .text:0000017c $d
                            *COM*:0000002c GPS_Data
                            *COM*:0000002c gps_data_temp

UNDEFINED SYMBOLS
__divdf3
__muldf3
__adddf3
cos
